gpasm-1.4.0 #1107 (May 18 2015)      main.asm   11-12-2020  16:13:33        PAGE  1


LOC    OBJECT CODE    LINE  SOURCE TEXT
  VALUE

                      00001 ;--------------------------------------------------------
                      00002 ; File Created by SDCC : free open source ANSI-C Compiler
                      00003 ; Version 3.6.9 #10186 (Linux)
                      00004 ;--------------------------------------------------------
                      00005 ; PIC port for the 14-bit core
                      00006 ;--------------------------------------------------------
                      00007 ;       .file   "main.c"
                      00008         list    p=10f322
                      00009         radix dec
                      00010         include "p10f322.inc"
                      00001         LIST
                      00002 
                      00003 ;==========================================================================
                      00004 ; Build date : Aug 07 2014
                      00005 ;  MPASM PIC10F322 processor include
                      00006 ; 
                      00007 ;  (c) Copyright 1999-2014 Microchip Technology, All rights reserved
                      00008 ;==========================================================================
                      00009 
                      00696         LIST
                      00011 ;--------------------------------------------------------
                      00012 ; config word(s)
                      00013 ;--------------------------------------------------------
2007   0000           00014         __config 0x3fe0
                      00015 ;--------------------------------------------------------
                      00016 ; external declarations
                      00017 ;--------------------------------------------------------
  0000                00018         extern  _STATUSbits
  0000                00019         extern  _PORTAbits
  0000                00020         extern  _TRISAbits
  0000                00021         extern  _LATAbits
  0000                00022         extern  _ANSELAbits
  0000                00023         extern  _WPUAbits
  0000                00024         extern  _PCLATHbits
  0000                00025         extern  _INTCONbits
  0000                00026         extern  _PIR1bits
  0000                00027         extern  _PIE1bits
  0000                00028         extern  _OPTION_REGbits
  0000                00029         extern  _PCONbits
  0000                00030         extern  _OSCCONbits
  0000                00031         extern  _T2CONbits
  0000                00032         extern  _PWM1DCLbits
  0000                00033         extern  _PWM1DCHbits
  0000                00034         extern  _PWM1CONbits
  0000                00035         extern  _PWM1CON0bits
  0000                00036         extern  _PWM2DCLbits
  0000                00037         extern  _PWM2DCHbits
  0000                00038         extern  _PWM2CONbits
  0000                00039         extern  _PWM2CON0bits
  0000                00040         extern  _IOCAPbits
  0000                00041         extern  _IOCANbits
  0000                00042         extern  _IOCAFbits
  0000                00043         extern  _FVRCONbits
gpasm-1.4.0 #1107 (May 18 2015)      main.asm   11-12-2020  16:13:33        PAGE  2


LOC    OBJECT CODE    LINE  SOURCE TEXT
  VALUE

  0000                00044         extern  _ADCONbits
  0000                00045         extern  _PMADRHbits
  0000                00046         extern  _PMCON1bits
  0000                00047         extern  _CLKRCONbits
  0000                00048         extern  _NCO1ACCLbits
  0000                00049         extern  _NCO1ACCHbits
  0000                00050         extern  _NCO1ACCUbits
  0000                00051         extern  _NCO1INCLbits
  0000                00052         extern  _NCO1INCHbits
  0000                00053         extern  _NCO1CONbits
  0000                00054         extern  _NCO1CLKbits
  0000                00055         extern  _WDTCONbits
  0000                00056         extern  _CLC1CONbits
  0000                00057         extern  _CLC1SEL0bits
  0000                00058         extern  _CLC1SEL1bits
  0000                00059         extern  _CLC1POLbits
  0000                00060         extern  _CLC1GLS0bits
  0000                00061         extern  _CLC1GLS1bits
  0000                00062         extern  _CLC1GLS2bits
  0000                00063         extern  _CLC1GLS3bits
  0000                00064         extern  _CWG1CON0bits
  0000                00065         extern  _CWG1CON1bits
  0000                00066         extern  _CWG1CON2bits
  0000                00067         extern  _CWG1DBRbits
  0000                00068         extern  _CWG1DBFbits
  0000                00069         extern  _VREGCONbits
  0000                00070         extern  _BORCONbits
  0000                00071         extern  _INDF
  0000                00072         extern  _TMR0
  0000                00073         extern  _PCL
  0000                00074         extern  _STATUS
  0000                00075         extern  _FSR
  0000                00076         extern  _PORTA
  0000                00077         extern  _TRISA
  0000                00078         extern  _LATA
  0000                00079         extern  _ANSELA
  0000                00080         extern  _WPUA
  0000                00081         extern  _PCLATH
  0000                00082         extern  _INTCON
  0000                00083         extern  _PIR1
  0000                00084         extern  _PIE1
  0000                00085         extern  _OPTION_REG
  0000                00086         extern  _PCON
  0000                00087         extern  _OSCCON
  0000                00088         extern  _TMR2
  0000                00089         extern  _PR2
  0000                00090         extern  _T2CON
  0000                00091         extern  _PWM1DCL
  0000                00092         extern  _PWM1DCH
  0000                00093         extern  _PWM1CON
  0000                00094         extern  _PWM1CON0
  0000                00095         extern  _PWM2DCL
  0000                00096         extern  _PWM2DCH
gpasm-1.4.0 #1107 (May 18 2015)      main.asm   11-12-2020  16:13:33        PAGE  3


LOC    OBJECT CODE    LINE  SOURCE TEXT
  VALUE

  0000                00097         extern  _PWM2CON
  0000                00098         extern  _PWM2CON0
  0000                00099         extern  _IOCAP
  0000                00100         extern  _IOCAN
  0000                00101         extern  _IOCAF
  0000                00102         extern  _FVRCON
  0000                00103         extern  _ADRES
  0000                00104         extern  _ADCON
  0000                00105         extern  _PMADR
  0000                00106         extern  _PMADRL
  0000                00107         extern  _PMADRH
  0000                00108         extern  _PMDAT
  0000                00109         extern  _PMDATL
  0000                00110         extern  _PMDATH
  0000                00111         extern  _PMCON1
  0000                00112         extern  _PMCON2
  0000                00113         extern  _CLKRCON
  0000                00114         extern  _NCO1ACC
  0000                00115         extern  _NCO1ACCL
  0000                00116         extern  _NCO1ACCH
  0000                00117         extern  _NCO1ACCU
  0000                00118         extern  _NCO1INC
  0000                00119         extern  _NCO1INCL
  0000                00120         extern  _NCO1INCH
  0000                00121         extern  _NCO1INCU
  0000                00122         extern  _NCO1CON
  0000                00123         extern  _NCO1CLK
  0000                00124         extern  _WDTCON
  0000                00125         extern  _CLC1CON
  0000                00126         extern  _CLC1SEL0
  0000                00127         extern  _CLC1SEL1
  0000                00128         extern  _CLC1POL
  0000                00129         extern  _CLC1GLS0
  0000                00130         extern  _CLC1GLS1
  0000                00131         extern  _CLC1GLS2
  0000                00132         extern  _CLC1GLS3
  0000                00133         extern  _CWG1CON0
  0000                00134         extern  _CWG1CON1
  0000                00135         extern  _CWG1CON2
  0000                00136         extern  _CWG1DBR
  0000                00137         extern  _CWG1DBF
  0000                00138         extern  _VREGCON
  0000                00139         extern  _BORCON
  0000                00140         extern  __sdcc_gsinit_startup
                      00141 ;--------------------------------------------------------
                      00142 ; global declarations
                      00143 ;--------------------------------------------------------
  0000                00144         global  _main
  0000                00145         global  _configPin
  0000                00146         global  _offCount
  0000                00147         global  _onCount
  0000                00148         global  _debounce
                      00149 
gpasm-1.4.0 #1107 (May 18 2015)      main.asm   11-12-2020  16:13:33        PAGE  4


LOC    OBJECT CODE    LINE  SOURCE TEXT
  VALUE

  0000                00150         global PSAVE
  0000                00151         global SSAVE
  0000                00152         global WSAVE
  0000                00153         global STK04
  0000                00154         global STK03
  0000                00155         global STK02
  0000                00156         global STK01
  0000                00157         global STK00
                      00158 
                      00159 sharebank udata_ovr 0x0040
0040                  00160 PSAVE   res 1
0041                  00161 SSAVE   res 1
0042                  00162 WSAVE   res 1
0043                  00163 STK04   res 1
0044                  00164 STK03   res 1
0045                  00165 STK02   res 1
0046                  00166 STK01   res 1
0047                  00167 STK00   res 1
                      00168 
                      00169 ;--------------------------------------------------------
                      00170 ; global definitions
                      00171 ;--------------------------------------------------------
                      00172 UD_main_0       udata
0000                  00173 _configPin      res     1
                      00174 
                      00175 UD_main_1       udata
0000                  00176 _offCount       res     2
                      00177 
                      00178 UD_main_2       udata
0000                  00179 _onCount        res     1
                      00180 
                      00181 UD_main_3       udata
0000                  00182 _debounce       res     1
                      00183 
                      00184 ;--------------------------------------------------------
                      00185 ; absolute symbol definitions
                      00186 ;--------------------------------------------------------
                      00187 ;--------------------------------------------------------
                      00188 ; compiler-defined variables
                      00189 ;--------------------------------------------------------
                      00190 UDL_main_0      udata
0000                  00191 r0x1005 res     1
                      00192 ;--------------------------------------------------------
                      00193 ; initialized data
                      00194 ;--------------------------------------------------------
                      00195 ;--------------------------------------------------------
                      00196 ; overlayable items in internal ram 
                      00197 ;--------------------------------------------------------
                      00198 ;       udata_ovr
                      00199 ;--------------------------------------------------------
                      00200 ; reset vector 
                      00201 ;--------------------------------------------------------
                      00202 STARTUP code 0x0000
gpasm-1.4.0 #1107 (May 18 2015)      main.asm   11-12-2020  16:13:33        PAGE  5


LOC    OBJECT CODE    LINE  SOURCE TEXT
  VALUE

0000   0000           00203         nop
Message[312]: Page or Bank selection not needed for this device. No code generated.
                      00204         pagesel __sdcc_gsinit_startup
0001   2???           00205         goto    __sdcc_gsinit_startup
                      00206 ;--------------------------------------------------------
                      00207 ; code
                      00208 ;--------------------------------------------------------
                      00209 code_main       code
                      00210 ;***
                      00211 ;  pBlock Stats: dbName = M
                      00212 ;***
                      00213 ;has an exit
                      00214 ;1 compiler assigned register :
                      00215 ;   r0x1005
                      00216 ;; Starting pCode block
                      00217 S_main__main    code
0000                  00218 _main:
                      00219 ; 2 exit points
                      00220 ;       .line   16; "main.c"    TRISA0 = 1;
0000   14??           00221         BSF     _TRISAbits,0
                      00222 ;       .line   17; "main.c"    LATA1 = 0;
0001   10??           00223         BCF     _LATAbits,1
                      00224 ;       .line   18; "main.c"    TRISA1 = 0;
0002   10??           00225         BCF     _TRISAbits,1
                      00226 ;       .line   19; "main.c"    TRISA2 = 1;
0003   15??           00227         BSF     _TRISAbits,2
                      00228 ;       .line   21; "main.c"    OSCCONbits.IRCF = 0b101; // 4MHz
0004   30??           00229         MOVLW   (_OSCCONbits + 0)
0005   398F           00230         ANDLW   0x8f
0006   3850           00231         IORLW   0x50
0007   00??           00232         MOVWF   (_OSCCONbits + 0)
                      00233 ;       .line   23; "main.c"    configPin = RA2;
0008   01??           00234         CLRF    r0x1005
0009   19??           00235         BTFSC   _PORTAbits,2
000A   0A??           00236         INCF    r0x1005,F
000B   08??           00237         MOVF    r0x1005,W
000C   00??           00238         MOVWF   _configPin
000D                  00239 _00134_DS_:
                      00240 ;       .line   26; "main.c"    offCount = 0;
000D   01??           00241         CLRF    _offCount
000E   01??           00242         CLRF    (_offCount + 1)
000F                  00243 _00108_DS_:
                      00244 ;       .line   27; "main.c"    while(!RA0) {
000F   18??           00245         BTFSC   _PORTAbits,0
0010   2???           00246         GOTO    _00110_DS_
                      00247 ;;unsigned compare: left < lit(0x9C4=2500), size=2
                      00248 ;       .line   28; "main.c"    if(offCount < INACTIVE_TIME) offCount++; // 15 instructions (see main.ls
                            t)
0011   3009           00249         MOVLW   0x09
0012   02??           00250         SUBWF   (_offCount + 1),W
0013   1D03           00251         BTFSS   STATUS,2
0014   2???           00252         GOTO    _00180_DS_
0015   30C4           00253         MOVLW   0xc4
gpasm-1.4.0 #1107 (May 18 2015)      main.asm   11-12-2020  16:13:33        PAGE  6


LOC    OBJECT CODE    LINE  SOURCE TEXT
  VALUE

0016   02??           00254         SUBWF   _offCount,W
0017                  00255 _00180_DS_:
0017   1803           00256         BTFSC   STATUS,0
0018   2???           00257         GOTO    _00106_DS_
                      00258 ;;genSkipc:3257: created from rifx:0x7ffc4ff75040
0019   0A??           00259         INCF    _offCount,F
001A   1903           00260         BTFSC   STATUS,2
001B   0A??           00261         INCF    (_offCount + 1),F
001C   2???           00262         GOTO    _00108_DS_
001D                  00263 _00106_DS_:
                      00264 ;       .line   29; "main.c"    else LATA1 = 0; // switch off if inactive too long
001D   10??           00265         BCF     _LATAbits,1
001E   2???           00266         GOTO    _00108_DS_
001F                  00267 _00110_DS_:
                      00268 ;       .line   31; "main.c"    onCount = 0;
001F   01??           00269         CLRF    _onCount
0020                  00270 _00113_DS_:
                      00271 ;       .line   32; "main.c"    while(RA0) {
0020   1C??           00272         BTFSS   _PORTAbits,0
0021   2???           00273         GOTO    _00115_DS_
                      00274 ;;unsigned compare: left < lit(0xFF=255), size=1
                      00275 ;       .line   33; "main.c"    if(onCount < 255) onCount++; // 9 instructions (see main.lst)
0022   30FF           00276         MOVLW   0xff
0023   02??           00277         SUBWF   _onCount,W
0024   1803           00278         BTFSC   STATUS,0
0025   2???           00279         GOTO    _00113_DS_
                      00280 ;;genSkipc:3257: created from rifx:0x7ffc4ff75040
0026   0A??           00281         INCF    _onCount,F
0027   2???           00282         GOTO    _00113_DS_
                      00283 ;;swapping arguments (AOP_TYPEs 1/3)
                      00284 ;;unsigned compare: left >= lit(0xA7=167), size=1
0028                  00285 _00115_DS_:
                      00286 ;       .line   35; "main.c"    if(onCount > PULSETHRES) {
0028   30A7           00287         MOVLW   0xa7
0029   02??           00288         SUBWF   _onCount,W
002A   1C03           00289         BTFSS   STATUS,0
002B   2???           00290         GOTO    _00131_DS_
                      00291 ;;genSkipc:3257: created from rifx:0x7ffc4ff75040
                      00292 ;;unsigned compare: left < lit(0x5=5), size=1
                      00293 ;       .line   36; "main.c"    if(debounce < DEBOUNCE_MAX) debounce++;
002C   3005           00294         MOVLW   0x05
                      00295 ;       .line   37; "main.c"    if(debounce == DEBOUNCE_MAX) {
002D   02??           00296         SUBWF   _debounce,W
002E   1C03           00297         BTFSS   STATUS,0
002F   0A??           00298         INCF    _debounce,F
0030   08??           00299         MOVF    _debounce,W
0031   3A05           00300         XORLW   0x05
0032   1D03           00301         BTFSS   STATUS,2
0033   2???           00302         GOTO    _00134_DS_
                      00303 ;       .line   38; "main.c"    if(configPin) LATA1 = 1;
0034   3000           00304         MOVLW   0x00
0035   04??           00305         IORWF   _configPin,W
0036   1903           00306         BTFSC   STATUS,2
gpasm-1.4.0 #1107 (May 18 2015)      main.asm   11-12-2020  16:13:33        PAGE  7


LOC    OBJECT CODE    LINE  SOURCE TEXT
  VALUE

0037   2???           00307         GOTO    _00119_DS_
0038   14??           00308         BSF     _LATAbits,1
0039   2???           00309         GOTO    _00134_DS_
003A                  00310 _00119_DS_:
                      00311 ;       .line   39; "main.c"    else LATA1 = 0;
003A   10??           00312         BCF     _LATAbits,1
003B   2???           00313         GOTO    _00134_DS_
003C                  00314 _00131_DS_:
                      00315 ;       .line   42; "main.c"    if(debounce > 0) debounce--;
003C   3000           00316         MOVLW   0x00
                      00317 ;       .line   43; "main.c"    if(debounce == 0) {
003D   04??           00318         IORWF   _debounce,W
003E   1D03           00319         BTFSS   STATUS,2
003F   03??           00320         DECF    _debounce,F
0040   3000           00321         MOVLW   0x00
0041   04??           00322         IORWF   _debounce,W
0042   1D03           00323         BTFSS   STATUS,2
0043   2???           00324         GOTO    _00134_DS_
                      00325 ;       .line   44; "main.c"    if(configPin) LATA1 = 0;
0044   3000           00326         MOVLW   0x00
0045   04??           00327         IORWF   _configPin,W
0046   1903           00328         BTFSC   STATUS,2
0047   2???           00329         GOTO    _00126_DS_
0048   10??           00330         BCF     _LATAbits,1
0049   2???           00331         GOTO    _00134_DS_
004A                  00332 _00126_DS_:
                      00333 ;       .line   45; "main.c"    else LATA1 = 1;
004A   14??           00334         BSF     _LATAbits,1
004B   2???           00335         GOTO    _00134_DS_
                      00336 ;       .line   49; "main.c"    }
004C   0008           00337         RETURN  
                      00338 ; exit point of _main
                      00339 
                      00340 
                      00341 ;       code size estimation:
                      00342 ;          77+    0 =    77 instructions (  154 byte)
                      00343 
                      00344         end
gpasm-1.4.0 #1107 (May 18 2015)      main.asm   11-12-2020  16:13:33        PAGE  8


SYMBOL TABLE
  LABEL                             VALUE

ADCON                             0000001F
ADCS0                             00000005
ADCS1                             00000006
ADCS2                             00000007
ADFVR0                            00000000
ADFVR1                            00000001
ADIE                              00000006
ADIF                              00000006
ADON                              00000000
ADRES                             0000001E
ANSA0                             00000000
ANSA1                             00000001
ANSA2                             00000002
ANSELA                            00000008
BORCON                            0000003F
BORFS                             00000006
BORRDY                            00000000
C                                 00000000
CFGS                              00000006
CHS0                              00000002
CHS1                              00000003
CHS2                              00000004
CLC1CON                           00000031
CLC1GLS0                          00000035
CLC1GLS1                          00000036
CLC1GLS2                          00000037
CLC1GLS3                          00000038
CLC1IE                            00000003
CLC1IF                            00000003
CLC1POL                           00000034
CLC1SEL0                          00000032
CLC1SEL1                          00000033
CLKRCON                           00000026
CLKROE                            00000006
CWG1CON0                          00000039
CWG1CON1                          0000003A
CWG1CON2                          0000003B
CWG1DBF                           0000003D
CWG1DBF0                          00000000
CWG1DBF1                          00000001
CWG1DBF2                          00000002
CWG1DBF3                          00000003
CWG1DBF4                          00000004
CWG1DBF5                          00000005
CWG1DBR                           0000003C
CWG1DBR0                          00000000
CWG1DBR1                          00000001
CWG1DBR2                          00000002
CWG1DBR3                          00000003
CWG1DBR4                          00000004
CWG1DBR5                          00000005
D1N                               00000000
D1S0                              00000000
gpasm-1.4.0 #1107 (May 18 2015)      main.asm   11-12-2020  16:13:33        PAGE  9


SYMBOL TABLE
  LABEL                             VALUE 

D1S1                              00000001
D1S2                              00000002
D1T                               00000001
D2N                               00000002
D2S0                              00000004
D2S1                              00000005
D2S2                              00000006
D2T                               00000003
D3N                               00000004
D3S0                              00000000
D3S1                              00000001
D3S2                              00000002
D3T                               00000005
D4N                               00000006
D4S0                              00000004
D4S1                              00000005
D4S2                              00000006
D4T                               00000007
DC                                00000001
F                                 00000001
FREE                              00000004
FSR                               00000004
FVRCON                            0000001D
FVREN                             00000007
FVRRDY                            00000006
G1ARSEN                           00000006
G1ASDLA0                          00000004
G1ASDLA1                          00000005
G1ASDLB0                          00000006
G1ASDLB1                          00000007
G1ASDSCLC1                        00000001
G1ASDSFLT                         00000000
G1ASE                             00000007
G1CS0                             00000000
G1EN                              00000007
G1IS0                             00000000
G1IS1                             00000001
G1OEA                             00000005
G1OEB                             00000006
G1POL                             00000000
G1POLA                            00000003
G1POLB                            00000004
G2POL                             00000001
G3POL                             00000002
G4D1N                             00000000
G4D1T                             00000001
G4D2N                             00000002
G4D2T                             00000003
G4D3N                             00000004
G4D3T                             00000005
G4D4N                             00000006
G4D4T                             00000007
G4POL                             00000003
gpasm-1.4.0 #1107 (May 18 2015)      main.asm   11-12-2020  16:13:33        PAGE 10


SYMBOL TABLE
  LABEL                             VALUE 

GIE                               00000007
GO_NOT_DONE                       00000001
HFIOFR                            00000003
HFIOFS                            00000000
INDF                              00000000
INTCON                            0000000B
INTE                              00000004
INTEDG                            00000006
INTF                              00000001
IOCAF                             0000001C
IOCAF0                            00000000
IOCAF1                            00000001
IOCAF2                            00000002
IOCAF3                            00000003
IOCAN                             0000001B
IOCAN0                            00000000
IOCAN1                            00000001
IOCAN2                            00000002
IOCAN3                            00000003
IOCAP                             0000001A
IOCAP0                            00000000
IOCAP1                            00000001
IOCAP2                            00000002
IOCAP3                            00000003
IOCIE                             00000003
IOCIF                             00000000
IRCF0                             00000004
IRCF1                             00000005
IRCF2                             00000006
IRP                               00000007
LATA                              00000007
LATA0                             00000000
LATA1                             00000001
LATA2                             00000002
LC1D1S0                           00000000
LC1D1S1                           00000001
LC1D1S2                           00000002
LC1D2S0                           00000004
LC1D2S1                           00000005
LC1D2S2                           00000006
LC1D3S0                           00000000
LC1D3S1                           00000001
LC1D3S2                           00000002
LC1D4S0                           00000004
LC1D4S1                           00000005
LC1D4S2                           00000006
LC1EN                             00000007
LC1G1D1N                          00000000
LC1G1D1T                          00000001
LC1G1D2N                          00000002
LC1G1D2T                          00000003
LC1G1D3N                          00000004
LC1G1D3T                          00000005
gpasm-1.4.0 #1107 (May 18 2015)      main.asm   11-12-2020  16:13:33        PAGE 11


SYMBOL TABLE
  LABEL                             VALUE 

LC1G1D4N                          00000006
LC1G1D4T                          00000007
LC1G1POL                          00000000
LC1G2D1N                          00000000
LC1G2D1T                          00000001
LC1G2D2N                          00000002
LC1G2D2T                          00000003
LC1G2D3N                          00000004
LC1G2D3T                          00000005
LC1G2D4N                          00000006
LC1G2D4T                          00000007
LC1G2POL                          00000001
LC1G3D1N                          00000000
LC1G3D1T                          00000001
LC1G3D2N                          00000002
LC1G3D2T                          00000003
LC1G3D3N                          00000004
LC1G3D3T                          00000005
LC1G3D4N                          00000006
LC1G3D4T                          00000007
LC1G3POL                          00000002
LC1G4D1N                          00000000
LC1G4D1T                          00000001
LC1G4D2N                          00000002
LC1G4D2T                          00000003
LC1G4D3N                          00000004
LC1G4D3T                          00000005
LC1G4D4N                          00000006
LC1G4D4T                          00000007
LC1G4POL                          00000003
LC1INTN                           00000003
LC1INTP                           00000004
LC1MODE0                          00000000
LC1MODE1                          00000001
LC1MODE2                          00000002
LC1OE                             00000006
LC1OUT                            00000005
LC1POL                            00000007
LCEN                              00000007
LCINTN                            00000003
LCINTP                            00000004
LCMODE0                           00000000
LCMODE1                           00000001
LCMODE2                           00000002
LCOE                              00000006
LCOUT                             00000005
LFIOFR                            00000001
LWLO                              00000005
N1CKS0                            00000000
N1CKS1                            00000001
N1EN                              00000007
N1OE                              00000006
N1OUT                             00000005
gpasm-1.4.0 #1107 (May 18 2015)      main.asm   11-12-2020  16:13:33        PAGE 12


SYMBOL TABLE
  LABEL                             VALUE 

N1PFM                             00000000
N1POL                             00000004
N1PWS0                            00000005
N1PWS1                            00000006
N1PWS2                            00000007
NCO1ACC                           00000027
NCO1ACC0                          00000000
NCO1ACC1                          00000001
NCO1ACC10                         00000002
NCO1ACC11                         00000003
NCO1ACC12                         00000004
NCO1ACC13                         00000005
NCO1ACC14                         00000006
NCO1ACC15                         00000007
NCO1ACC16                         00000000
NCO1ACC17                         00000001
NCO1ACC18                         00000002
NCO1ACC19                         00000003
NCO1ACC2                          00000002
NCO1ACC3                          00000003
NCO1ACC4                          00000004
NCO1ACC5                          00000005
NCO1ACC6                          00000006
NCO1ACC7                          00000007
NCO1ACC8                          00000000
NCO1ACC9                          00000001
NCO1ACCH                          00000028
NCO1ACCL                          00000027
NCO1ACCU                          00000029
NCO1CLK                           0000002E
NCO1CON                           0000002D
NCO1IE                            00000004
NCO1IF                            00000004
NCO1INC                           0000002A
NCO1INC0                          00000000
NCO1INC1                          00000001
NCO1INC10                         00000002
NCO1INC11                         00000003
NCO1INC12                         00000004
NCO1INC13                         00000005
NCO1INC14                         00000006
NCO1INC15                         00000007
NCO1INC2                          00000002
NCO1INC3                          00000003
NCO1INC4                          00000004
NCO1INC5                          00000005
NCO1INC6                          00000006
NCO1INC7                          00000007
NCO1INC8                          00000000
NCO1INC9                          00000001
NCO1INCH                          0000002B
NCO1INCL                          0000002A
NCO1INCU                          0000002C
gpasm-1.4.0 #1107 (May 18 2015)      main.asm   11-12-2020  16:13:33        PAGE 13


SYMBOL TABLE
  LABEL                             VALUE 

NOT_BOR                           00000000
NOT_PD                            00000003
NOT_POR                           00000001
NOT_TO                            00000004
NOT_WPUEN                         00000007
OPTION_REG                        0000000E
OSCCON                            00000010
PCL                               00000002
PCLATH                            0000000A
PCLH0                             00000000
PCON                              0000000F
PEIE                              00000006
PIE1                              0000000D
PIR1                              0000000C
PMADR                             00000020
PMADR8                            00000000
PMADRH                            00000021
PMADRL                            00000020
PMCON1                            00000024
PMCON2                            00000025
PMDAT                             00000022
PMDATH                            00000023
PMDATL                            00000022
POL                               00000007
PORTA                             00000005
PR2                               00000012
PS0                               00000000
PS1                               00000001
PS2                               00000002
PSA                               00000003
PSAVE                             00000040
PWM1CON                           00000016
PWM1CON0                          00000016
PWM1DCH                           00000015
PWM1DCH0                          00000000
PWM1DCH1                          00000001
PWM1DCH2                          00000002
PWM1DCH3                          00000003
PWM1DCH4                          00000004
PWM1DCH5                          00000005
PWM1DCH6                          00000006
PWM1DCH7                          00000007
PWM1DCL                           00000014
PWM1DCL0                          00000006
PWM1DCL1                          00000007
PWM1EN                            00000007
PWM1OE                            00000006
PWM1OUT                           00000005
PWM1POL                           00000004
PWM2CON                           00000019
PWM2DCH                           00000018
PWM2DCH0                          00000000
PWM2DCH1                          00000001
gpasm-1.4.0 #1107 (May 18 2015)      main.asm   11-12-2020  16:13:33        PAGE 14


SYMBOL TABLE
  LABEL                             VALUE 

PWM2DCH2                          00000002
PWM2DCH3                          00000003
PWM2DCH4                          00000004
PWM2DCH5                          00000005
PWM2DCH6                          00000006
PWM2DCH7                          00000007
PWM2DCL                           00000017
PWM2DCL0                          00000006
PWM2DCL1                          00000007
PWM2EN                            00000007
PWM2OE                            00000006
PWM2OUT                           00000005
PWM2POL                           00000004
RA0                               00000000
RA1                               00000001
RA2                               00000002
RA3                               00000003
RD                                00000000
RP0                               00000005
RP1                               00000006
SBOREN                            00000007
SSAVE                             00000041
STATUS                            00000003
STK00                             00000047
STK01                             00000046
STK02                             00000045
STK03                             00000044
STK04                             00000043
SWDTEN                            00000000
T0CS                              00000005
T0SE                              00000004
T2CKPS0                           00000000
T2CKPS1                           00000001
T2CON                             00000013
TMR0                              00000001
TMR0IE                            00000005
TMR0IF                            00000002
TMR2                              00000011
TMR2IE                            00000001
TMR2IF                            00000001
TMR2ON                            00000002
TOUTPS0                           00000003
TOUTPS1                           00000004
TOUTPS2                           00000005
TOUTPS3                           00000006
TRISA                             00000006
TRISA0                            00000000
TRISA1                            00000001
TRISA2                            00000002
TSEN                              00000005
TSRNG                             00000004
VREGCON                           0000003E
VREGPM0                           00000000
gpasm-1.4.0 #1107 (May 18 2015)      main.asm   11-12-2020  16:13:33        PAGE 15


SYMBOL TABLE
  LABEL                             VALUE 

VREGPM1                           00000001
W                                 00000000
WDTCON                            00000030
WDTPS0                            00000001
WDTPS1                            00000002
WDTPS2                            00000003
WDTPS3                            00000004
WDTPS4                            00000005
WPUA                              00000009
WPUA0                             00000000
WPUA1                             00000001
WPUA2                             00000002
WPUA3                             00000003
WR                                00000001
WREN                              00000002
WRERR                             00000003
WSAVE                             00000042
Z                                 00000002
_00106_DS_                        0000001D
_00108_DS_                        0000000F
_00110_DS_                        0000001F
_00113_DS_                        00000020
_00115_DS_                        00000028
_00119_DS_                        0000003A
_00126_DS_                        0000004A
_00131_DS_                        0000003C
_00134_DS_                        0000000D
_00180_DS_                        00000017
_ADCON                            00000000
_ADCONbits                        00000000
_ADRES                            00000000
_ANSELA                           00000000
_ANSELAbits                       00000000
_BORCON                           00000000
_BORCONbits                       00000000
_BOREN_NSLEEP                     00003FFD
_BOREN_OFF                        00003FF9
_BOREN_ON                         00003FFF
_BOREN_SBODEN                     00003FFB
_BORV_24                          00003FFF
_BORV_27                          00003BFF
_BORV_HI                          00003BFF
_BORV_LO                          00003FFF
_CLC1CON                          00000000
_CLC1CONbits                      00000000
_CLC1GLS0                         00000000
_CLC1GLS0bits                     00000000
_CLC1GLS1                         00000000
_CLC1GLS1bits                     00000000
_CLC1GLS2                         00000000
_CLC1GLS2bits                     00000000
_CLC1GLS3                         00000000
_CLC1GLS3bits                     00000000
gpasm-1.4.0 #1107 (May 18 2015)      main.asm   11-12-2020  16:13:33        PAGE 16


SYMBOL TABLE
  LABEL                             VALUE 

_CLC1POL                          00000000
_CLC1POLbits                      00000000
_CLC1SEL0                         00000000
_CLC1SEL0bits                     00000000
_CLC1SEL1                         00000000
_CLC1SEL1bits                     00000000
_CLKRCON                          00000000
_CLKRCONbits                      00000000
_CONFIG                           00002007
_CP_OFF                           00003FFF
_CP_ON                            00003F7F
_CWG1CON0                         00000000
_CWG1CON0bits                     00000000
_CWG1CON1                         00000000
_CWG1CON1bits                     00000000
_CWG1CON2                         00000000
_CWG1CON2bits                     00000000
_CWG1DBF                          00000000
_CWG1DBFbits                      00000000
_CWG1DBR                          00000000
_CWG1DBRbits                      00000000
_DEVID1                           00002006
_FOSC_EC                          00003FFF
_FOSC_INTOSC                      00003FFE
_FSR                              00000000
_FVRCON                           00000000
_FVRCONbits                       00000000
_IDLOC0                           00002000
_IDLOC1                           00002001
_IDLOC2                           00002002
_IDLOC3                           00002003
_INDF                             00000000
_INTCON                           00000000
_INTCONbits                       00000000
_IOCAF                            00000000
_IOCAFbits                        00000000
_IOCAN                            00000000
_IOCANbits                        00000000
_IOCAP                            00000000
_IOCAPbits                        00000000
_LATA                             00000000
_LATAbits                         00000000
_LPBOR_OFF                        00003DFF
_LPBOR_ON                         00003FFF
_LVP_OFF                          00003EFF
_LVP_ON                           00003FFF
_MCLRE_OFF                        00003FBF
_MCLRE_ON                         00003FFF
_NCO1ACC                          00000000
_NCO1ACCH                         00000000
_NCO1ACCHbits                     00000000
_NCO1ACCL                         00000000
_NCO1ACCLbits                     00000000
gpasm-1.4.0 #1107 (May 18 2015)      main.asm   11-12-2020  16:13:33        PAGE 17


SYMBOL TABLE
  LABEL                             VALUE 

_NCO1ACCU                         00000000
_NCO1ACCUbits                     00000000
_NCO1CLK                          00000000
_NCO1CLKbits                      00000000
_NCO1CON                          00000000
_NCO1CONbits                      00000000
_NCO1INC                          00000000
_NCO1INCH                         00000000
_NCO1INCHbits                     00000000
_NCO1INCL                         00000000
_NCO1INCLbits                     00000000
_NCO1INCU                         00000000
_OPTION_REG                       00000000
_OPTION_REGbits                   00000000
_OSCCON                           00000000
_OSCCONbits                       00000000
_PCL                              00000000
_PCLATH                           00000000
_PCLATHbits                       00000000
_PCON                             00000000
_PCONbits                         00000000
_PIE1                             00000000
_PIE1bits                         00000000
_PIR1                             00000000
_PIR1bits                         00000000
_PMADR                            00000000
_PMADRH                           00000000
_PMADRHbits                       00000000
_PMADRL                           00000000
_PMCON1                           00000000
_PMCON1bits                       00000000
_PMCON2                           00000000
_PMDAT                            00000000
_PMDATH                           00000000
_PMDATL                           00000000
_PORTA                            00000000
_PORTAbits                        00000000
_PR2                              00000000
_PWM1CON                          00000000
_PWM1CON0                         00000000
_PWM1CON0bits                     00000000
_PWM1CONbits                      00000000
_PWM1DCH                          00000000
_PWM1DCHbits                      00000000
_PWM1DCL                          00000000
_PWM1DCLbits                      00000000
_PWM2CON                          00000000
_PWM2CON0                         00000000
_PWM2CON0bits                     00000000
_PWM2CONbits                      00000000
_PWM2DCH                          00000000
_PWM2DCHbits                      00000000
_PWM2DCL                          00000000
gpasm-1.4.0 #1107 (May 18 2015)      main.asm   11-12-2020  16:13:33        PAGE 18


SYMBOL TABLE
  LABEL                             VALUE 

_PWM2DCLbits                      00000000
_PWRTE_OFF                        00003FFF
_PWRTE_ON                         00003FDF
_STATUS                           00000000
_STATUSbits                       00000000
_T2CON                            00000000
_T2CONbits                        00000000
_TMR0                             00000000
_TMR2                             00000000
_TRISA                            00000000
_TRISAbits                        00000000
_VREGCON                          00000000
_VREGCONbits                      00000000
_WDTCON                           00000000
_WDTCONbits                       00000000
_WDTE_NSLEEP                      00003FF7
_WDTE_OFF                         00003FE7
_WDTE_ON                          00003FFF
_WDTE_SWDTEN                      00003FEF
_WPUA                             00000000
_WPUAbits                         00000000
_WRT_ALL                          000027FF
_WRT_BOOT                         000037FF
_WRT_HALF                         00002FFF
_WRT_OFF                          00003FFF
__10F322                          00000001
__CODE_END                        000001FF
__CODE_START                      00000000
__VECTOR_INT                      00000004
__VECTOR_RESET                    00000000
__sdcc_gsinit_startup             00000000
_configPin                        00000000
_debounce                         00000000
_main                             00000000
_offCount                         00000000
_onCount                          00000000
r0x1005                           00000000

Errors   :     0
Warnings :     0 reported,     0 suppressed
Messages :     1 reported,     0 suppressed

